{"/home/runner/workspace/components/SeoHead.tsx": {"path":"/home/runner/workspace/components/SeoHead.tsx","statementMap":{"0":{"start":{"line":3,"column":17},"end":{"line":3,"column":null}},"1":{"start":{"line":4,"column":25},"end":{"line":4,"column":null}},"2":{"start":{"line":6,"column":30},"end":{"line":6,"column":null}},"3":{"start":{"line":6,"column":49},"end":{"line":6,"column":73}},"4":{"start":{"line":7,"column":2},"end":{"line":13,"column":null}},"5":{"start":{"line":9,"column":6},"end":{"line":9,"column":null}},"6":{"start":{"line":11,"column":4},"end":{"line":11,"column":null}},"7":{"start":{"line":12,"column":4},"end":{"line":12,"column":null}},"8":{"start":{"line":12,"column":17},"end":{"line":12,"column":null}},"9":{"start":{"line":14,"column":2},"end":{"line":14,"column":null}},"10":{"start":{"line":36,"column":26},"end":{"line":36,"column":null}},"11":{"start":{"line":37,"column":15},"end":{"line":37,"column":null}},"12":{"start":{"line":38,"column":23},"end":{"line":38,"column":null}},"13":{"start":{"line":39,"column":27},"end":{"line":39,"column":null}},"14":{"start":{"line":40,"column":24},"end":{"line":42,"column":null}},"15":{"start":{"line":47,"column":2},"end":{"line":50,"column":null}},"16":{"start":{"line":48,"column":15},"end":{"line":48,"column":null}},"17":{"start":{"line":49,"column":4},"end":{"line":49,"column":null}},"18":{"start":{"line":49,"column":12},"end":{"line":49,"column":null}},"19":{"start":{"line":54,"column":2},"end":{"line":79,"column":null}},"20":{"start":{"line":55,"column":4},"end":{"line":59,"column":null}},"21":{"start":{"line":56,"column":23},"end":{"line":56,"column":null}},"22":{"start":{"line":57,"column":6},"end":{"line":57,"column":null}},"23":{"start":{"line":57,"column":20},"end":{"line":57,"column":null}},"24":{"start":{"line":58,"column":6},"end":{"line":58,"column":null}},"25":{"start":{"line":60,"column":4},"end":{"line":67,"column":null}},"26":{"start":{"line":61,"column":6},"end":{"line":66,"column":null}},"27":{"start":{"line":62,"column":8},"end":{"line":65,"column":null}},"28":{"start":{"line":68,"column":20},"end":{"line":70,"column":null}},"29":{"start":{"line":71,"column":17},"end":{"line":71,"column":null}},"30":{"start":{"line":72,"column":4},"end":{"line":77,"column":null}},"31":{"start":{"line":73,"column":6},"end":{"line":73,"column":null}},"32":{"start":{"line":74,"column":6},"end":{"line":74,"column":null}},"33":{"start":{"line":75,"column":6},"end":{"line":75,"column":null}},"34":{"start":{"line":76,"column":6},"end":{"line":76,"column":null}},"35":{"start":{"line":78,"column":4},"end":{"line":78,"column":null}},"36":{"start":{"line":80,"column":2},"end":{"line":103,"column":null}}},"fnMap":{"0":{"name":"usePathname","decl":{"start":{"line":5,"column":9},"end":{"line":5,"column":31}},"loc":{"start":{"line":5,"column":31},"end":{"line":15,"column":null}},"line":5},"1":{"name":"(anonymous_1)","decl":{"start":{"line":6,"column":43},"end":{"line":6,"column":49}},"loc":{"start":{"line":6,"column":49},"end":{"line":6,"column":73}},"line":6},"2":{"name":"(anonymous_2)","decl":{"start":{"line":7,"column":12},"end":{"line":7,"column":18}},"loc":{"start":{"line":7,"column":18},"end":{"line":13,"column":5}},"line":7},"3":{"name":"onPopState","decl":{"start":{"line":8,"column":13},"end":{"line":8,"column":26}},"loc":{"start":{"line":8,"column":26},"end":{"line":10,"column":null}},"line":8},"4":{"name":"(anonymous_4)","decl":{"start":{"line":12,"column":11},"end":{"line":12,"column":17}},"loc":{"start":{"line":12,"column":17},"end":{"line":12,"column":null}},"line":12},"5":{"name":"SeoHead","decl":{"start":{"line":26,"column":16},"end":{"line":26,"column":24}},"loc":{"start":{"line":35,"column":17},"end":{"line":105,"column":null}},"line":35},"6":{"name":"(anonymous_6)","decl":{"start":{"line":47,"column":12},"end":{"line":47,"column":18}},"loc":{"start":{"line":47,"column":18},"end":{"line":50,"column":5}},"line":47},"7":{"name":"(anonymous_7)","decl":{"start":{"line":54,"column":12},"end":{"line":54,"column":18}},"loc":{"start":{"line":54,"column":18},"end":{"line":79,"column":5}},"line":54}},"branchMap":{"0":{"loc":{"start":{"line":30,"column":2},"end":{"line":30,"column":null}},"type":"default-arg","locations":[{"start":{"line":30,"column":12},"end":{"line":30,"column":null}}],"line":30},"1":{"loc":{"start":{"line":31,"column":2},"end":{"line":31,"column":null}},"type":"default-arg","locations":[{"start":{"line":31,"column":11},"end":{"line":31,"column":null}}],"line":31},"2":{"loc":{"start":{"line":34,"column":2},"end":{"line":34,"column":null}},"type":"default-arg","locations":[{"start":{"line":34,"column":12},"end":{"line":34,"column":null}}],"line":34},"3":{"loc":{"start":{"line":37,"column":15},"end":{"line":37,"column":null}},"type":"binary-expr","locations":[{"start":{"line":37,"column":15},"end":{"line":37,"column":32}},{"start":{"line":37,"column":32},"end":{"line":37,"column":null}}],"line":37},"4":{"loc":{"start":{"line":39,"column":27},"end":{"line":39,"column":null}},"type":"binary-expr","locations":[{"start":{"line":39,"column":27},"end":{"line":39,"column":41}},{"start":{"line":39,"column":41},"end":{"line":39,"column":null}}],"line":39},"5":{"loc":{"start":{"line":40,"column":24},"end":{"line":42,"column":null}},"type":"cond-expr","locations":[{"start":{"line":41,"column":6},"end":{"line":41,"column":null}},{"start":{"line":42,"column":6},"end":{"line":42,"column":null}}],"line":40},"6":{"loc":{"start":{"line":49,"column":4},"end":{"line":49,"column":null}},"type":"if","locations":[{"start":{"line":49,"column":4},"end":{"line":49,"column":null}},{"start":{},"end":{}}],"line":49},"7":{"loc":{"start":{"line":55,"column":4},"end":{"line":59,"column":null}},"type":"if","locations":[{"start":{"line":55,"column":4},"end":{"line":59,"column":null}},{"start":{},"end":{}}],"line":55},"8":{"loc":{"start":{"line":57,"column":6},"end":{"line":57,"column":null}},"type":"if","locations":[{"start":{"line":57,"column":6},"end":{"line":57,"column":null}},{"start":{},"end":{}}],"line":57},"9":{"loc":{"start":{"line":60,"column":4},"end":{"line":67,"column":null}},"type":"if","locations":[{"start":{"line":60,"column":4},"end":{"line":67,"column":null}},{"start":{},"end":{}}],"line":60},"10":{"loc":{"start":{"line":61,"column":6},"end":{"line":66,"column":null}},"type":"if","locations":[{"start":{"line":61,"column":6},"end":{"line":66,"column":null}},{"start":{},"end":{}}],"line":61},"11":{"loc":{"start":{"line":61,"column":10},"end":{"line":61,"column":103}},"type":"binary-expr","locations":[{"start":{"line":61,"column":10},"end":{"line":61,"column":44}},{"start":{"line":61,"column":44},"end":{"line":61,"column":103}}],"line":61},"12":{"loc":{"start":{"line":68,"column":20},"end":{"line":70,"column":null}},"type":"cond-expr","locations":[{"start":{"line":69,"column":8},"end":{"line":69,"column":null}},{"start":{"line":70,"column":8},"end":{"line":70,"column":null}}],"line":68},"13":{"loc":{"start":{"line":72,"column":4},"end":{"line":77,"column":null}},"type":"if","locations":[{"start":{"line":72,"column":4},"end":{"line":77,"column":null}},{"start":{},"end":{}}],"line":72}},"s":{"0":1,"1":1,"2":24,"3":24,"4":24,"5":0,"6":24,"7":24,"8":24,"9":24,"10":24,"11":24,"12":24,"13":24,"14":24,"15":24,"16":24,"17":24,"18":1,"19":24,"20":24,"21":21,"22":21,"23":1,"24":21,"25":3,"26":3,"27":0,"28":3,"29":24,"30":24,"31":2,"32":2,"33":2,"34":2,"35":3,"36":24},"f":{"0":24,"1":24,"2":24,"3":0,"4":24,"5":24,"6":24,"7":24},"b":{"0":[24],"1":[24],"2":[24],"3":[24,0],"4":[24,23],"5":[1,23],"6":[1,23],"7":[21,3],"8":[1,20],"9":[3,0],"10":[0,3],"11":[3,2],"12":[1,2],"13":[2,22]},"meta":{"lastBranch":14,"lastFunction":8,"lastStatement":37,"seen":{"s:3:17:3:Infinity":0,"s:4:25:4:Infinity":1,"f:5:9:5:31":0,"s:6:30:6:Infinity":2,"f:6:43:6:49":1,"s:6:49:6:73":3,"s:7:2:13:Infinity":4,"f:7:12:7:18":2,"f:8:13:8:26":3,"s:9:6:9:Infinity":5,"s:11:4:11:Infinity":6,"s:12:4:12:Infinity":7,"f:12:11:12:17":4,"s:12:17:12:Infinity":8,"s:14:2:14:Infinity":9,"f:26:16:26:24":5,"b:30:12:30:Infinity":0,"b:31:11:31:Infinity":1,"b:34:12:34:Infinity":2,"s:36:26:36:Infinity":10,"s:37:15:37:Infinity":11,"b:37:15:37:32:37:32:37:Infinity":3,"s:38:23:38:Infinity":12,"s:39:27:39:Infinity":13,"b:39:27:39:41:39:41:39:Infinity":4,"s:40:24:42:Infinity":14,"b:41:6:41:Infinity:42:6:42:Infinity":5,"s:47:2:50:Infinity":15,"f:47:12:47:18":6,"s:48:15:48:Infinity":16,"b:49:4:49:Infinity:undefined:undefined:undefined:undefined":6,"s:49:4:49:Infinity":17,"s:49:12:49:Infinity":18,"s:54:2:79:Infinity":19,"f:54:12:54:18":7,"b:55:4:59:Infinity:undefined:undefined:undefined:undefined":7,"s:55:4:59:Infinity":20,"s:56:23:56:Infinity":21,"b:57:6:57:Infinity:undefined:undefined:undefined:undefined":8,"s:57:6:57:Infinity":22,"s:57:20:57:Infinity":23,"s:58:6:58:Infinity":24,"b:60:4:67:Infinity:undefined:undefined:undefined:undefined":9,"s:60:4:67:Infinity":25,"b:61:6:66:Infinity:undefined:undefined:undefined:undefined":10,"s:61:6:66:Infinity":26,"b:61:10:61:44:61:44:61:103":11,"s:62:8:65:Infinity":27,"s:68:20:70:Infinity":28,"b:69:8:69:Infinity:70:8:70:Infinity":12,"s:71:17:71:Infinity":29,"b:72:4:77:Infinity:undefined:undefined:undefined:undefined":13,"s:72:4:77:Infinity":30,"s:73:6:73:Infinity":31,"s:74:6:74:Infinity":32,"s:75:6:75:Infinity":33,"s:76:6:76:Infinity":34,"s:78:4:78:Infinity":35,"s:80:2:103:Infinity":36},"fnNames":{}}}
,"/home/runner/workspace/services/api/apiClient.ts": {"path":"/home/runner/workspace/services/api/apiClient.ts","statementMap":{"0":{"start":{"line":1,"column":17},"end":{"line":1,"column":null}},"1":{"start":{"line":16,"column":57},"end":{"line":16,"column":null}},"2":{"start":{"line":17,"column":12},"end":{"line":17,"column":null}},"3":{"start":{"line":18,"column":2},"end":{"line":27,"column":null}},"4":{"start":{"line":19,"column":25},"end":{"line":19,"column":null}},"5":{"start":{"line":20,"column":4},"end":{"line":24,"column":null}},"6":{"start":{"line":21,"column":6},"end":{"line":23,"column":null}},"7":{"start":{"line":22,"column":8},"end":{"line":22,"column":null}},"8":{"start":{"line":25,"column":24},"end":{"line":25,"column":null}},"9":{"start":{"line":26,"column":4},"end":{"line":26,"column":null}},"10":{"start":{"line":26,"column":21},"end":{"line":26,"column":null}},"11":{"start":{"line":28,"column":21},"end":{"line":28,"column":null}},"12":{"start":{"line":29,"column":20},"end":{"line":29,"column":null}},"13":{"start":{"line":29,"column":37},"end":{"line":29,"column":57}},"14":{"start":{"line":30,"column":30},"end":{"line":39,"column":null}},"15":{"start":{"line":40,"column":2},"end":{"line":42,"column":null}},"16":{"start":{"line":41,"column":4},"end":{"line":41,"column":null}},"17":{"start":{"line":44,"column":2},"end":{"line":48,"column":null}},"18":{"start":{"line":45,"column":4},"end":{"line":45,"column":null}},"19":{"start":{"line":47,"column":4},"end":{"line":47,"column":null}},"20":{"start":{"line":49,"column":2},"end":{"line":52,"column":null}},"21":{"start":{"line":50,"column":4},"end":{"line":50,"column":null}},"22":{"start":{"line":51,"column":4},"end":{"line":51,"column":null}},"23":{"start":{"line":53,"column":2},"end":{"line":59,"column":null}},"24":{"start":{"line":54,"column":22},"end":{"line":54,"column":null}},"25":{"start":{"line":54,"column":57},"end":{"line":54,"column":117}},"26":{"start":{"line":55,"column":18},"end":{"line":55,"column":null}},"27":{"start":{"line":56,"column":5},"end":{"line":56,"column":null}},"28":{"start":{"line":57,"column":5},"end":{"line":57,"column":null}},"29":{"start":{"line":58,"column":4},"end":{"line":58,"column":null}},"30":{"start":{"line":60,"column":2},"end":{"line":71,"column":null}},"31":{"start":{"line":61,"column":22},"end":{"line":61,"column":null}},"32":{"start":{"line":61,"column":57},"end":{"line":61,"column":90}},"33":{"start":{"line":62,"column":18},"end":{"line":66,"column":null}},"34":{"start":{"line":67,"column":5},"end":{"line":67,"column":null}},"35":{"start":{"line":68,"column":5},"end":{"line":68,"column":null}},"36":{"start":{"line":69,"column":5},"end":{"line":69,"column":null}},"37":{"start":{"line":70,"column":4},"end":{"line":70,"column":null}},"38":{"start":{"line":72,"column":2},"end":{"line":74,"column":null}},"39":{"start":{"line":73,"column":4},"end":{"line":73,"column":null}},"40":{"start":{"line":75,"column":2},"end":{"line":75,"column":null}},"41":{"start":{"line":77,"column":19},"end":{"line":88,"column":null}},"42":{"start":{"line":79,"column":4},"end":{"line":79,"column":null}},"43":{"start":{"line":81,"column":4},"end":{"line":81,"column":null}},"44":{"start":{"line":83,"column":4},"end":{"line":83,"column":null}},"45":{"start":{"line":85,"column":4},"end":{"line":85,"column":null}},"46":{"start":{"line":87,"column":4},"end":{"line":87,"column":null}}},"fnMap":{"0":{"name":"request","decl":{"start":{"line":15,"column":15},"end":{"line":15,"column":26}},"loc":{"start":{"line":15,"column":82},"end":{"line":76,"column":null}},"line":15},"1":{"name":"(anonymous_1)","decl":{"start":{"line":29,"column":31},"end":{"line":29,"column":37}},"loc":{"start":{"line":29,"column":37},"end":{"line":29,"column":57}},"line":29},"2":{"name":"(anonymous_2)","decl":{"start":{"line":54,"column":50},"end":{"line":54,"column":57}},"loc":{"start":{"line":54,"column":57},"end":{"line":54,"column":117}},"line":54},"3":{"name":"(anonymous_3)","decl":{"start":{"line":61,"column":50},"end":{"line":61,"column":57}},"loc":{"start":{"line":61,"column":57},"end":{"line":61,"column":90}},"line":61},"4":{"name":"(anonymous_4)","decl":{"start":{"line":78,"column":7},"end":{"line":78,"column":11}},"loc":{"start":{"line":79,"column":4},"end":{"line":79,"column":null}},"line":79},"5":{"name":"(anonymous_5)","decl":{"start":{"line":80,"column":8},"end":{"line":80,"column":12}},"loc":{"start":{"line":81,"column":4},"end":{"line":81,"column":null}},"line":81},"6":{"name":"(anonymous_6)","decl":{"start":{"line":82,"column":7},"end":{"line":82,"column":11}},"loc":{"start":{"line":83,"column":4},"end":{"line":83,"column":null}},"line":83},"7":{"name":"(anonymous_7)","decl":{"start":{"line":84,"column":9},"end":{"line":84,"column":13}},"loc":{"start":{"line":85,"column":4},"end":{"line":85,"column":null}},"line":85},"8":{"name":"(anonymous_8)","decl":{"start":{"line":86,"column":10},"end":{"line":86,"column":14}},"loc":{"start":{"line":87,"column":4},"end":{"line":87,"column":null}},"line":87}},"branchMap":{"0":{"loc":{"start":{"line":15,"column":40},"end":{"line":15,"column":82}},"type":"default-arg","locations":[{"start":{"line":15,"column":66},"end":{"line":15,"column":82}}],"line":15},"1":{"loc":{"start":{"line":16,"column":10},"end":{"line":16,"column":26}},"type":"default-arg","locations":[{"start":{"line":16,"column":19},"end":{"line":16,"column":26}}],"line":16},"2":{"loc":{"start":{"line":16,"column":32},"end":{"line":16,"column":46}},"type":"default-arg","locations":[{"start":{"line":16,"column":42},"end":{"line":16,"column":46}}],"line":16},"3":{"loc":{"start":{"line":18,"column":2},"end":{"line":27,"column":null}},"type":"if","locations":[{"start":{"line":18,"column":2},"end":{"line":27,"column":null}},{"start":{},"end":{}}],"line":18},"4":{"loc":{"start":{"line":21,"column":6},"end":{"line":23,"column":null}},"type":"if","locations":[{"start":{"line":21,"column":6},"end":{"line":23,"column":null}},{"start":{},"end":{}}],"line":21},"5":{"loc":{"start":{"line":21,"column":10},"end":{"line":21,"column":65}},"type":"binary-expr","locations":[{"start":{"line":21,"column":10},"end":{"line":21,"column":33}},{"start":{"line":21,"column":33},"end":{"line":21,"column":51}},{"start":{"line":21,"column":51},"end":{"line":21,"column":65}}],"line":21},"6":{"loc":{"start":{"line":26,"column":4},"end":{"line":26,"column":null}},"type":"if","locations":[{"start":{"line":26,"column":4},"end":{"line":26,"column":null}},{"start":{},"end":{}}],"line":26},"7":{"loc":{"start":{"line":40,"column":2},"end":{"line":42,"column":null}},"type":"if","locations":[{"start":{"line":40,"column":2},"end":{"line":42,"column":null}},{"start":{},"end":{}}],"line":40},"8":{"loc":{"start":{"line":40,"column":6},"end":{"line":40,"column":32}},"type":"binary-expr","locations":[{"start":{"line":40,"column":6},"end":{"line":40,"column":14}},{"start":{"line":40,"column":14},"end":{"line":40,"column":32}}],"line":40},"9":{"loc":{"start":{"line":49,"column":2},"end":{"line":52,"column":null}},"type":"if","locations":[{"start":{"line":49,"column":2},"end":{"line":52,"column":null}},{"start":{},"end":{}}],"line":49},"10":{"loc":{"start":{"line":53,"column":2},"end":{"line":59,"column":null}},"type":"if","locations":[{"start":{"line":53,"column":2},"end":{"line":59,"column":null}},{"start":{},"end":{}}],"line":53},"11":{"loc":{"start":{"line":55,"column":28},"end":{"line":55,"column":75}},"type":"binary-expr","locations":[{"start":{"line":55,"column":28},"end":{"line":55,"column":49}},{"start":{"line":55,"column":49},"end":{"line":55,"column":75}}],"line":55},"12":{"loc":{"start":{"line":60,"column":2},"end":{"line":71,"column":null}},"type":"if","locations":[{"start":{"line":60,"column":2},"end":{"line":71,"column":null}},{"start":{},"end":{}}],"line":60},"13":{"loc":{"start":{"line":63,"column":6},"end":{"line":65,"column":null}},"type":"binary-expr","locations":[{"start":{"line":63,"column":6},"end":{"line":63,"column":null}},{"start":{"line":64,"column":7},"end":{"line":64,"column":null}},{"start":{"line":65,"column":6},"end":{"line":65,"column":null}}],"line":63},"14":{"loc":{"start":{"line":72,"column":2},"end":{"line":74,"column":null}},"type":"if","locations":[{"start":{"line":72,"column":2},"end":{"line":74,"column":null}},{"start":{},"end":{}}],"line":72},"15":{"loc":{"start":{"line":72,"column":6},"end":{"line":72,"column":81}},"type":"binary-expr","locations":[{"start":{"line":72,"column":6},"end":{"line":72,"column":33}},{"start":{"line":72,"column":33},"end":{"line":72,"column":81}}],"line":72}},"s":{"0":1,"1":17,"2":17,"3":17,"4":2,"5":2,"6":6,"7":3,"8":2,"9":2,"10":2,"11":17,"12":17,"13":0,"14":17,"15":17,"16":4,"17":17,"18":17,"19":17,"20":17,"21":1,"22":1,"23":16,"24":2,"25":1,"26":2,"27":2,"28":2,"29":2,"30":14,"31":3,"32":1,"33":3,"34":3,"35":3,"36":3,"37":3,"38":11,"39":2,"40":9,"41":1,"42":12,"43":2,"44":1,"45":1,"46":1},"f":{"0":17,"1":0,"2":1,"3":1,"4":12,"5":2,"6":1,"7":1,"8":1},"b":{"0":[17],"1":[17],"2":[17],"3":[2,15],"4":[3,3],"5":[6,5,4],"6":[2,0],"7":[4,13],"8":[17,4],"9":[1,16],"10":[2,14],"11":[2,0],"12":[3,11],"13":[3,1,0],"14":[2,9],"15":[11,10]},"meta":{"lastBranch":16,"lastFunction":9,"lastStatement":47,"seen":{"s:1:17:1:Infinity":0,"f:15:15:15:26":0,"b:15:66:15:82":0,"s:16:57:16:Infinity":1,"b:16:19:16:26":1,"b:16:42:16:46":2,"s:17:12:17:Infinity":2,"b:18:2:27:Infinity:undefined:undefined:undefined:undefined":3,"s:18:2:27:Infinity":3,"s:19:25:19:Infinity":4,"s:20:4:24:Infinity":5,"b:21:6:23:Infinity:undefined:undefined:undefined:undefined":4,"s:21:6:23:Infinity":6,"b:21:10:21:33:21:33:21:51:21:51:21:65":5,"s:22:8:22:Infinity":7,"s:25:24:25:Infinity":8,"b:26:4:26:Infinity:undefined:undefined:undefined:undefined":6,"s:26:4:26:Infinity":9,"s:26:21:26:Infinity":10,"s:28:21:28:Infinity":11,"s:29:20:29:Infinity":12,"f:29:31:29:37":1,"s:29:37:29:57":13,"s:30:30:39:Infinity":14,"b:40:2:42:Infinity:undefined:undefined:undefined:undefined":7,"s:40:2:42:Infinity":15,"b:40:6:40:14:40:14:40:32":8,"s:41:4:41:Infinity":16,"s:44:2:48:Infinity":17,"s:45:4:45:Infinity":18,"s:47:4:47:Infinity":19,"b:49:2:52:Infinity:undefined:undefined:undefined:undefined":9,"s:49:2:52:Infinity":20,"s:50:4:50:Infinity":21,"s:51:4:51:Infinity":22,"b:53:2:59:Infinity:undefined:undefined:undefined:undefined":10,"s:53:2:59:Infinity":23,"s:54:22:54:Infinity":24,"f:54:50:54:57":2,"s:54:57:54:117":25,"s:55:18:55:Infinity":26,"b:55:28:55:49:55:49:55:75":11,"s:56:5:56:Infinity":27,"s:57:5:57:Infinity":28,"s:58:4:58:Infinity":29,"b:60:2:71:Infinity:undefined:undefined:undefined:undefined":12,"s:60:2:71:Infinity":30,"s:61:22:61:Infinity":31,"f:61:50:61:57":3,"s:61:57:61:90":32,"s:62:18:66:Infinity":33,"b:63:6:63:Infinity:64:7:64:Infinity:65:6:65:Infinity":13,"s:67:5:67:Infinity":34,"s:68:5:68:Infinity":35,"s:69:5:69:Infinity":36,"s:70:4:70:Infinity":37,"b:72:2:74:Infinity:undefined:undefined:undefined:undefined":14,"s:72:2:74:Infinity":38,"b:72:6:72:33:72:33:72:81":15,"s:73:4:73:Infinity":39,"s:75:2:75:Infinity":40,"s:77:19:88:Infinity":41,"f:78:7:78:11":4,"s:79:4:79:Infinity":42,"f:80:8:80:12":5,"s:81:4:81:Infinity":43,"f:82:7:82:11":6,"s:83:4:83:Infinity":44,"f:84:9:84:13":7,"s:85:4:85:Infinity":45,"f:86:10:86:14":8,"s:87:4:87:Infinity":46},"fnNames":{}}}
,"/home/runner/workspace/utils/i18nUtils.ts": {"path":"/home/runner/workspace/utils/i18nUtils.ts","statementMap":{"0":{"start":{"line":1,"column":30},"end":{"line":1,"column":null}},"1":{"start":{"line":2,"column":20},"end":{"line":2,"column":null}},"2":{"start":{"line":9,"column":4},"end":{"line":9,"column":null}},"3":{"start":{"line":9,"column":18},"end":{"line":9,"column":null}},"4":{"start":{"line":10,"column":4},"end":{"line":13,"column":null}},"5":{"start":{"line":10,"column":40},"end":{"line":10,"column":61}},"6":{"start":{"line":11,"column":27},"end":{"line":11,"column":null}},"7":{"start":{"line":12,"column":8},"end":{"line":12,"column":null}},"8":{"start":{"line":12,"column":36},"end":{"line":12,"column":null}},"9":{"start":{"line":14,"column":4},"end":{"line":14,"column":null}}},"fnMap":{"0":{"name":"resolveContent","decl":{"start":{"line":8,"column":16},"end":{"line":8,"column":31}},"loc":{"start":{"line":8,"column":82},"end":{"line":15,"column":null}},"line":8},"1":{"name":"(anonymous_1)","decl":{"start":{"line":10,"column":35},"end":{"line":10,"column":40}},"loc":{"start":{"line":10,"column":40},"end":{"line":10,"column":61}},"line":10}},"branchMap":{"0":{"loc":{"start":{"line":9,"column":4},"end":{"line":9,"column":null}},"type":"if","locations":[{"start":{"line":9,"column":4},"end":{"line":9,"column":null}},{"start":{},"end":{}}],"line":9},"1":{"loc":{"start":{"line":10,"column":4},"end":{"line":13,"column":null}},"type":"if","locations":[{"start":{"line":10,"column":4},"end":{"line":13,"column":null}},{"start":{},"end":{}}],"line":10},"2":{"loc":{"start":{"line":10,"column":8},"end":{"line":10,"column":93}},"type":"binary-expr","locations":[{"start":{"line":10,"column":8},"end":{"line":10,"column":66}},{"start":{"line":10,"column":66},"end":{"line":10,"column":93}}],"line":10},"3":{"loc":{"start":{"line":12,"column":8},"end":{"line":12,"column":null}},"type":"if","locations":[{"start":{"line":12,"column":8},"end":{"line":12,"column":null}},{"start":{},"end":{}}],"line":12}},"s":{"0":1,"1":1,"2":13,"3":1,"4":12,"5":30,"6":7,"7":7,"8":6,"9":6},"f":{"0":13,"1":30},"b":{"0":[1,12],"1":[7,5],"2":[12,10],"3":[6,1]},"meta":{"lastBranch":4,"lastFunction":2,"lastStatement":10,"seen":{"s:1:30:1:Infinity":0,"s:2:20:2:Infinity":1,"f:8:16:8:31":0,"b:9:4:9:Infinity:undefined:undefined:undefined:undefined":0,"s:9:4:9:Infinity":2,"s:9:18:9:Infinity":3,"b:10:4:13:Infinity:undefined:undefined:undefined:undefined":1,"s:10:4:13:Infinity":4,"b:10:8:10:66:10:66:10:93":2,"f:10:35:10:40":1,"s:10:40:10:61":5,"s:11:27:11:Infinity":6,"b:12:8:12:Infinity:undefined:undefined:undefined:undefined":3,"s:12:8:12:Infinity":7,"s:12:36:12:Infinity":8,"s:14:4:14:Infinity":9},"fnNames":{}}}
}
